Determining if the clock_gettime exist failed with the following output:
Change Dir: /home/vadim/projects/qpid-proton-0.7/build/CMakeFiles/CMakeTmp

Run Build Command:/usr/bin/make "cmTryCompileExec/fast"
/usr/bin/make -f CMakeFiles/cmTryCompileExec.dir/build.make CMakeFiles/cmTryCompileExec.dir/build
make[1]: Entering directory `/home/vadim/projects/qpid-proton-0.7/build/CMakeFiles/CMakeTmp'
/usr/bin/cmake -E cmake_progress_report /home/vadim/projects/qpid-proton-0.7/build/CMakeFiles/CMakeTmp/CMakeFiles 1
Building C object CMakeFiles/cmTryCompileExec.dir/CheckSymbolExists.c.o
/usr/bin/gcc    -o CMakeFiles/cmTryCompileExec.dir/CheckSymbolExists.c.o   -c /home/vadim/projects/qpid-proton-0.7/build/CMakeFiles/CMakeTmp/CheckSymbolExists.c
Linking C executable cmTryCompileExec
/usr/bin/cmake -E cmake_link_script CMakeFiles/cmTryCompileExec.dir/link.txt --verbose=1
/usr/bin/gcc         CMakeFiles/cmTryCompileExec.dir/CheckSymbolExists.c.o  -o cmTryCompileExec -rdynamic 
CMakeFiles/cmTryCompileExec.dir/CheckSymbolExists.c.o: In function `main':
CheckSymbolExists.c:(.text+0x5c): undefined reference to `clock_gettime'
collect2: ld returned 1 exit status
make[1]: *** [cmTryCompileExec] Error 1
make[1]: Leaving directory `/home/vadim/projects/qpid-proton-0.7/build/CMakeFiles/CMakeTmp'
make: *** [cmTryCompileExec/fast] Error 2

File /home/vadim/projects/qpid-proton-0.7/build/CMakeFiles/CMakeTmp/CheckSymbolExists.c:
/* */
#include <time.h>

void cmakeRequireSymbol(int dummy,...){(void)dummy;}
int main()
{
#ifndef clock_gettime
  cmakeRequireSymbol(0,&clock_gettime);
#endif
  return 0;
}

Determining if the uuid_generate exist failed with the following output:
Change Dir: /home/vadim/projects/qpid-proton-0.7/build/CMakeFiles/CMakeTmp

Run Build Command:/usr/bin/make "cmTryCompileExec/fast"
/usr/bin/make -f CMakeFiles/cmTryCompileExec.dir/build.make CMakeFiles/cmTryCompileExec.dir/build
make[1]: Entering directory `/home/vadim/projects/qpid-proton-0.7/build/CMakeFiles/CMakeTmp'
/usr/bin/cmake -E cmake_progress_report /home/vadim/projects/qpid-proton-0.7/build/CMakeFiles/CMakeTmp/CMakeFiles 1
Building C object CMakeFiles/cmTryCompileExec.dir/CheckSymbolExists.c.o
/usr/bin/gcc    -o CMakeFiles/cmTryCompileExec.dir/CheckSymbolExists.c.o   -c /home/vadim/projects/qpid-proton-0.7/build/CMakeFiles/CMakeTmp/CheckSymbolExists.c
Linking C executable cmTryCompileExec
/usr/bin/cmake -E cmake_link_script CMakeFiles/cmTryCompileExec.dir/link.txt --verbose=1
/usr/bin/gcc         CMakeFiles/cmTryCompileExec.dir/CheckSymbolExists.c.o  -o cmTryCompileExec -rdynamic 
CMakeFiles/cmTryCompileExec.dir/CheckSymbolExists.c.o: In function `main':
CheckSymbolExists.c:(.text+0x5c): undefined reference to `uuid_generate'
collect2: ld returned 1 exit status
make[1]: *** [cmTryCompileExec] Error 1
make[1]: Leaving directory `/home/vadim/projects/qpid-proton-0.7/build/CMakeFiles/CMakeTmp'
make: *** [cmTryCompileExec/fast] Error 2

File /home/vadim/projects/qpid-proton-0.7/build/CMakeFiles/CMakeTmp/CheckSymbolExists.c:
/* */
#include <uuid/uuid.h>

void cmakeRequireSymbol(int dummy,...){(void)dummy;}
int main()
{
#ifndef uuid_generate
  cmakeRequireSymbol(0,&uuid_generate);
#endif
  return 0;
}

